<?xml version="1.0" encoding="UTF-8"?>
<!-- Generated by org.testng.reporters.JUnitXMLReporter -->
<testsuite hostname="sms-MacBook-Air.home" ignored="0" name="Amazon Home" tests="1" failures="1" timestamp="27 May 2017 04:08:45 GMT" time="28.657" errors="0">
  <testcase name="post" time="20.875" classname="Post.post">
    <failure type="org.openqa.selenium.NoSuchElementException" message="Unable to locate element: ._1mf._1mj
For documentation on this error, please visit: http://seleniumhq.org/exceptions/no_such_element.html
Build info: version: &amp;apos;3.4.0&amp;apos;, revision: &amp;apos;unknown&amp;apos;, time: &amp;apos;unknown&amp;apos;
System info: host: &amp;apos;sms-MacBook-Air.home&amp;apos;, ip: &amp;apos;fe80:0:0:0:185d:8bf0:5259:b61c%en0&amp;apos;, os.name: &amp;apos;Mac OS X&amp;apos;, os.arch: &amp;apos;x86_64&amp;apos;, os.version: &amp;apos;10.12.4&amp;apos;, java.version: &amp;apos;1.8.0_121&amp;apos;
Driver info: org.openqa.selenium.firefox.FirefoxDriver
Capabilities [{moz:profile=/var/folders/3l/h08n64s53j55r5bw7_2_pcrw0000gn/T/rust_mozprofile.5Nz6tGy7GNXx, rotatable=false, timeouts={implicit=0.0, pageLoad=300000.0, script=30000.0}, pageLoadStrategy=normal, platform=ANY, specificationLevel=0.0, moz:accessibilityChecks=false, acceptInsecureCerts=false, browserVersion=53.0.3, platformVersion=16.5.0, moz:processID=6417.0, browserName=firefox, javascriptEnabled=true, platformName=darwin}]
Session ID: 359bd8cf-41ef-9148-a9ab-4664a0737cfc
*** Element info: {Using=css selector, value=._1mf._1mj}">
      <![CDATA[org.openqa.selenium.NoSuchElementException: Unable to locate element: ._1mf._1mj
For documentation on this error, please visit: http://seleniumhq.org/exceptions/no_such_element.html
Build info: version: '3.4.0', revision: 'unknown', time: 'unknown'
System info: host: 'sms-MacBook-Air.home', ip: 'fe80:0:0:0:185d:8bf0:5259:b61c%en0', os.name: 'Mac OS X', os.arch: 'x86_64', os.version: '10.12.4', java.version: '1.8.0_121'
Driver info: org.openqa.selenium.firefox.FirefoxDriver
Capabilities [{moz:profile=/var/folders/3l/h08n64s53j55r5bw7_2_pcrw0000gn/T/rust_mozprofile.5Nz6tGy7GNXx, rotatable=false, timeouts={implicit=0.0, pageLoad=300000.0, script=30000.0}, pageLoadStrategy=normal, platform=ANY, specificationLevel=0.0, moz:accessibilityChecks=false, acceptInsecureCerts=false, browserVersion=53.0.3, platformVersion=16.5.0, moz:processID=6417.0, browserName=firefox, javascriptEnabled=true, platformName=darwin}]
Session ID: 359bd8cf-41ef-9148-a9ab-4664a0737cfc
*** Element info: {Using=css selector, value=._1mf._1mj}
	at org.openqa.selenium.remote.http.W3CHttpResponseCodec.createException(W3CHttpResponseCodec.java:150)
	at org.openqa.selenium.remote.http.W3CHttpResponseCodec.decode(W3CHttpResponseCodec.java:115)
	at org.openqa.selenium.remote.http.W3CHttpResponseCodec.decode(W3CHttpResponseCodec.java:45)
	at org.openqa.selenium.remote.HttpCommandExecutor.execute(HttpCommandExecutor.java:164)
	at org.openqa.selenium.remote.service.DriverCommandExecutor.execute(DriverCommandExecutor.java:82)
	at org.openqa.selenium.remote.RemoteWebDriver.execute(RemoteWebDriver.java:637)
	at org.openqa.selenium.remote.RemoteWebDriver.findElement(RemoteWebDriver.java:410)
	at org.openqa.selenium.remote.RemoteWebDriver.findElementByCssSelector(RemoteWebDriver.java:501)
	at org.openqa.selenium.By$ByCssSelector.findElement(By.java:430)
	at org.openqa.selenium.remote.RemoteWebDriver.findElement(RemoteWebDriver.java:402)
	at org.openqa.selenium.support.pagefactory.DefaultElementLocator.findElement(DefaultElementLocator.java:69)
	at org.openqa.selenium.support.pagefactory.internal.LocatingElementHandler.invoke(LocatingElementHandler.java:38)
	at com.sun.proxy.$Proxy10.sendKeys(Unknown Source)
	at creatPostToFaceBook.CreatPostToFaceBook.writeToPost(CreatPostToFaceBook.java:22)
	at Post.post.post(post.java:22)
	at java.util.concurrent.FutureTask.run(FutureTask.java:266)
	at java.util.concurrent.ThreadPoolExecutor.runWorker(ThreadPoolExecutor.java:1142)
	at java.util.concurrent.ThreadPoolExecutor$Worker.run(ThreadPoolExecutor.java:617)
	at java.lang.Thread.run(Thread.java:745)
... Removed 20 stack frames]]>
    </failure>
  </testcase> <!-- post -->
</testsuite> <!-- Amazon Home -->
