<?xml version="1.0" encoding="UTF-8"?>
<testng-results skipped="0" failed="1" ignored="0" total="1" passed="0">
  <reporter-output>
    <line>
      <![CDATA[Extent Report directory: /Users/smhoque/IdeaProjects/SocialMedia/FaceBook/test-output/html]]>
    </line>
    <line>
      <![CDATA[Epic: Metro EC:1,2 <a https://peoplentch.atlassian.net/browse/GREEN-8> GREEN-8 </a>]]>
    </line>
    <line>
      <![CDATA[Launch local browser Instance]]>
    </line>
  </reporter-output>
  <suite name="FaceBook" duration-ms="28657" started-at="2017-05-27T04:08:17Z" finished-at="2017-05-27T04:08:45Z">
    <groups>
    </groups>
    <test name="Amazon Home" duration-ms="28657" started-at="2017-05-27T04:08:17Z" finished-at="2017-05-27T04:08:45Z">
      <class name="Post.post">
        <test-method status="PASS" signature="extentSetup(org.testng.ITestContext)[pri:0, instance:Post.post@1a407d53]" name="extentSetup" is-config="true" duration-ms="715" started-at="2017-05-27T00:08:16Z" finished-at="2017-05-27T00:08:17Z">
          <params>
            <param index="0">
              <value>
                <![CDATA[org.testng.TestRunner@3d8314f0]]>
              </value>
            </param>
          </params>
          <reporter-output>
            <line>
              <![CDATA[Extent Report directory: /Users/smhoque/IdeaProjects/SocialMedia/FaceBook/test-output/html]]>
            </line>
          </reporter-output>
        </test-method> <!-- extentSetup -->
        <test-method status="PASS" signature="setUp(boolean, java.lang.String, java.lang.String, java.lang.String, java.lang.String, java.lang.String, java.lang.String)[pri:0, instance:Post.post@1a407d53]" name="setUp" is-config="true" duration-ms="6841" started-at="2017-05-27T00:08:17Z" finished-at="2017-05-27T00:08:23Z">
          <params>
            <param index="0">
              <value>
                <![CDATA[false]]>
              </value>
            </param>
            <param index="1">
              <value>
                <![CDATA[browserstack]]>
              </value>
            </param>
            <param index="2">
              <value>
                <![CDATA[OS X]]>
              </value>
            </param>
            <param index="3">
              <value>
                <![CDATA[Sierra]]>
              </value>
            </param>
            <param index="4">
              <value>
                <![CDATA[firefox]]>
              </value>
            </param>
            <param index="5">
              <value>
                <![CDATA[53.0]]>
              </value>
            </param>
            <param index="6">
              <value>
                <![CDATA[https://www.facebook.com/]]>
              </value>
            </param>
          </params>
          <reporter-output>
          </reporter-output>
        </test-method> <!-- setUp -->
        <test-method status="PASS" signature="startExtent(java.lang.reflect.Method)[pri:0, instance:Post.post@1a407d53]" name="startExtent" is-config="true" duration-ms="14" started-at="2017-05-27T00:08:23Z" finished-at="2017-05-27T00:08:23Z">
          <params>
            <param index="0">
              <value>
                <![CDATA[public void Post.post.post() throws java.lang.InterruptedException]]>
              </value>
            </param>
          </params>
          <reporter-output>
          </reporter-output>
        </test-method> <!-- startExtent -->
        <test-method status="FAIL" signature="post()[pri:0, instance:Post.post@1a407d53]" name="post" duration-ms="20875" started-at="2017-05-27T00:08:23Z" finished-at="2017-05-27T00:08:44Z">
          <exception class="org.openqa.selenium.NoSuchElementException">
            <message>
              <![CDATA[Unable to locate element: ._1mf._1mj
For documentation on this error, please visit: http://seleniumhq.org/exceptions/no_such_element.html
Build info: version: '3.4.0', revision: 'unknown', time: 'unknown'
System info: host: 'sms-MacBook-Air.home', ip: 'fe80:0:0:0:185d:8bf0:5259:b61c%en0', os.name: 'Mac OS X', os.arch: 'x86_64', os.version: '10.12.4', java.version: '1.8.0_121'
Driver info: org.openqa.selenium.firefox.FirefoxDriver
Capabilities [{moz:profile=/var/folders/3l/h08n64s53j55r5bw7_2_pcrw0000gn/T/rust_mozprofile.5Nz6tGy7GNXx, rotatable=false, timeouts={implicit=0.0, pageLoad=300000.0, script=30000.0}, pageLoadStrategy=normal, platform=ANY, specificationLevel=0.0, moz:accessibilityChecks=false, acceptInsecureCerts=false, browserVersion=53.0.3, platformVersion=16.5.0, moz:processID=6417.0, browserName=firefox, javascriptEnabled=true, platformName=darwin}]
Session ID: 359bd8cf-41ef-9148-a9ab-4664a0737cfc
*** Element info: {Using=css selector, value=._1mf._1mj}]]>
            </message>
            <full-stacktrace>
              <![CDATA[org.openqa.selenium.NoSuchElementException: Unable to locate element: ._1mf._1mj
For documentation on this error, please visit: http://seleniumhq.org/exceptions/no_such_element.html
Build info: version: '3.4.0', revision: 'unknown', time: 'unknown'
System info: host: 'sms-MacBook-Air.home', ip: 'fe80:0:0:0:185d:8bf0:5259:b61c%en0', os.name: 'Mac OS X', os.arch: 'x86_64', os.version: '10.12.4', java.version: '1.8.0_121'
Driver info: org.openqa.selenium.firefox.FirefoxDriver
Capabilities [{moz:profile=/var/folders/3l/h08n64s53j55r5bw7_2_pcrw0000gn/T/rust_mozprofile.5Nz6tGy7GNXx, rotatable=false, timeouts={implicit=0.0, pageLoad=300000.0, script=30000.0}, pageLoadStrategy=normal, platform=ANY, specificationLevel=0.0, moz:accessibilityChecks=false, acceptInsecureCerts=false, browserVersion=53.0.3, platformVersion=16.5.0, moz:processID=6417.0, browserName=firefox, javascriptEnabled=true, platformName=darwin}]
Session ID: 359bd8cf-41ef-9148-a9ab-4664a0737cfc
*** Element info: {Using=css selector, value=._1mf._1mj}
	at sun.reflect.NativeConstructorAccessorImpl.newInstance0(Native Method)
	at sun.reflect.NativeConstructorAccessorImpl.newInstance(NativeConstructorAccessorImpl.java:62)
	at sun.reflect.DelegatingConstructorAccessorImpl.newInstance(DelegatingConstructorAccessorImpl.java:45)
	at java.lang.reflect.Constructor.newInstance(Constructor.java:423)
	at org.openqa.selenium.remote.http.W3CHttpResponseCodec.createException(W3CHttpResponseCodec.java:150)
	at org.openqa.selenium.remote.http.W3CHttpResponseCodec.decode(W3CHttpResponseCodec.java:115)
	at org.openqa.selenium.remote.http.W3CHttpResponseCodec.decode(W3CHttpResponseCodec.java:45)
	at org.openqa.selenium.remote.HttpCommandExecutor.execute(HttpCommandExecutor.java:164)
	at org.openqa.selenium.remote.service.DriverCommandExecutor.execute(DriverCommandExecutor.java:82)
	at org.openqa.selenium.remote.RemoteWebDriver.execute(RemoteWebDriver.java:637)
	at org.openqa.selenium.remote.RemoteWebDriver.findElement(RemoteWebDriver.java:410)
	at org.openqa.selenium.remote.RemoteWebDriver.findElementByCssSelector(RemoteWebDriver.java:501)
	at org.openqa.selenium.By$ByCssSelector.findElement(By.java:430)
	at org.openqa.selenium.remote.RemoteWebDriver.findElement(RemoteWebDriver.java:402)
	at org.openqa.selenium.support.pagefactory.DefaultElementLocator.findElement(DefaultElementLocator.java:69)
	at org.openqa.selenium.support.pagefactory.internal.LocatingElementHandler.invoke(LocatingElementHandler.java:38)
	at com.sun.proxy.$Proxy10.sendKeys(Unknown Source)
	at creatPostToFaceBook.CreatPostToFaceBook.writeToPost(CreatPostToFaceBook.java:22)
	at Post.post.post(post.java:22)
	at sun.reflect.NativeMethodAccessorImpl.invoke0(Native Method)
	at sun.reflect.NativeMethodAccessorImpl.invoke(NativeMethodAccessorImpl.java:62)
	at sun.reflect.DelegatingMethodAccessorImpl.invoke(DelegatingMethodAccessorImpl.java:43)
	at java.lang.reflect.Method.invoke(Method.java:498)
	at org.testng.internal.MethodInvocationHelper.invokeMethod(MethodInvocationHelper.java:108)
	at org.testng.internal.Invoker.invokeMethod(Invoker.java:661)
	at org.testng.internal.Invoker.invokeTestMethod(Invoker.java:869)
	at org.testng.internal.Invoker.invokeTestMethods(Invoker.java:1193)
	at org.testng.internal.TestMethodWorker.invokeTestMethods(TestMethodWorker.java:126)
	at org.testng.internal.TestMethodWorker.run(TestMethodWorker.java:109)
	at org.testng.TestRunner.privateRun(TestRunner.java:744)
	at org.testng.TestRunner.run(TestRunner.java:602)
	at org.testng.SuiteRunner.runTest(SuiteRunner.java:380)
	at org.testng.SuiteRunner.access$000(SuiteRunner.java:39)
	at org.testng.SuiteRunner$SuiteWorker.run(SuiteRunner.java:414)
	at org.testng.internal.thread.ThreadUtil$1.call(ThreadUtil.java:52)
	at java.util.concurrent.FutureTask.run(FutureTask.java:266)
	at java.util.concurrent.ThreadPoolExecutor.runWorker(ThreadPoolExecutor.java:1142)
	at java.util.concurrent.ThreadPoolExecutor$Worker.run(ThreadPoolExecutor.java:617)
	at java.lang.Thread.run(Thread.java:745)
]]>
            </full-stacktrace>
          </exception> <!-- org.openqa.selenium.NoSuchElementException -->
          <reporter-output>
            <line>
              <![CDATA[Epic: Metro EC:1,2 <a https://peoplentch.atlassian.net/browse/GREEN-8> GREEN-8 </a>]]>
            </line>
            <line>
              <![CDATA[Launch local browser Instance]]>
            </line>
          </reporter-output>
        </test-method> <!-- post -->
        <test-method status="PASS" signature="afterEachTestMethod(org.testng.ITestResult)[pri:0, instance:Post.post@1a407d53]" name="afterEachTestMethod" is-config="true" duration-ms="886" started-at="2017-05-27T00:08:44Z" finished-at="2017-05-27T00:08:45Z">
          <params>
            <param index="0">
              <value>
                <![CDATA[[TestResult name=post status=FAILURE method=post.post()[pri:0, instance:Post.post@1a407d53] output=Epic: Metro EC:1,2 <a https://peoplentch.atlassian.net/browse/GREEN-8> GREEN-8 </a>]]]>
              </value>
            </param>
          </params>
          <reporter-output>
          </reporter-output>
        </test-method> <!-- afterEachTestMethod -->
        <test-method status="PASS" signature="cleanUp()[pri:0, instance:Post.post@1a407d53]" name="cleanUp" is-config="true" duration-ms="1" started-at="2017-05-27T00:08:45Z" finished-at="2017-05-27T00:08:45Z">
          <reporter-output>
          </reporter-output>
        </test-method> <!-- cleanUp -->
        <test-method status="PASS" signature="generateReport()[pri:0, instance:Post.post@1a407d53]" name="generateReport" is-config="true" duration-ms="164" started-at="2017-05-27T00:08:45Z" finished-at="2017-05-27T00:08:45Z">
          <reporter-output>
          </reporter-output>
        </test-method> <!-- generateReport -->
      </class> <!-- Post.post -->
    </test> <!-- Amazon Home -->
  </suite> <!-- FaceBook -->
</testng-results>
